<?xml version="1.0" encoding="UTF-8"?>
<!-- Generated by org.testng.reporters.JUnitReportReporter -->
<testsuite skipped="0" hostname="LAPTOP-KET8LVBJ" name="com.cucumberFramework.testRunner.TestRunner" tests="2" failures="0" timestamp="2022-07-05T14:12:31 ICT" time="44.330" errors="0">
  <testcase name="feature" time="30.461" classname="com.cucumberFramework.testRunner.TestRunner"/>
  <system-out/>
  <testcase name="feature" time="13.869" classname="com.cucumberFramework.testRunner.TestRunner"/>
  <system-out/>
</testsuite> <!-- com.cucumberFramework.testRunner.TestRunner -->
