<?xml version="1.0" encoding="UTF-8"?>
<!-- Generated by org.testng.reporters.JUnitReportReporter -->
<testsuite skipped="0" hostname="DD-HUELNM" name="com.cucumberFramework.testRunner.TestRunner" tests="1" failures="0" timestamp="2022-07-15T10:02:15 ICT" time="17.802" errors="0">
  <testcase name="feature" time="17.802" classname="com.cucumberFramework.testRunner.TestRunner"/>
  <system-out/>
</testsuite> <!-- com.cucumberFramework.testRunner.TestRunner -->
