<?xml version="1.0" encoding="UTF-8"?>
<!-- Generated by org.testng.reporters.JUnitReportReporter -->
<testsuite skipped="0" hostname="DD-HUELNM" name="com.cucumberFramework.testRunner.TestRunner" tests="6" failures="0" timestamp="2022-07-20T18:06:47 ICT" time="134.141" errors="0">
  <testcase name="feature" time="43.039" classname="com.cucumberFramework.testRunner.TestRunner"/>
  <system-out/>
  <testcase name="feature" time="12.544" classname="com.cucumberFramework.testRunner.TestRunner"/>
  <system-out/>
  <testcase name="feature" time="19.939" classname="com.cucumberFramework.testRunner.TestRunner"/>
  <system-out/>
  <testcase name="feature" time="19.553" classname="com.cucumberFramework.testRunner.TestRunner"/>
  <system-out/>
  <testcase name="feature" time="11.739" classname="com.cucumberFramework.testRunner.TestRunner"/>
  <system-out/>
  <testcase name="feature" time="27.327" classname="com.cucumberFramework.testRunner.TestRunner"/>
  <system-out/>
</testsuite> <!-- com.cucumberFramework.testRunner.TestRunner -->
