<?xml version="1.0" encoding="UTF-8"?>
<!-- Generated by org.testng.reporters.JUnitReportReporter -->
<testsuite skipped="0" hostname="DD-HUELNM" name="com.cucumberFramework.testRunner.TestRunner" tests="6" failures="0" timestamp="2022-07-19T16:52:10 ICT" time="128.929" errors="0">
  <testcase name="feature" time="10.611" classname="com.cucumberFramework.testRunner.TestRunner"/>
  <system-out/>
  <testcase name="feature" time="18.896" classname="com.cucumberFramework.testRunner.TestRunner"/>
  <system-out/>
  <testcase name="feature" time="42.556" classname="com.cucumberFramework.testRunner.TestRunner"/>
  <system-out/>
  <testcase name="feature" time="25.719" classname="com.cucumberFramework.testRunner.TestRunner"/>
  <system-out/>
  <testcase name="feature" time="11.952" classname="com.cucumberFramework.testRunner.TestRunner"/>
  <system-out/>
  <testcase name="feature" time="19.195" classname="com.cucumberFramework.testRunner.TestRunner"/>
  <system-out/>
</testsuite> <!-- com.cucumberFramework.testRunner.TestRunner -->
